d:\desktop\universidad\metodologia de la programacion\letris\practica letris\practica\2. platforms\0. windows desktop\debug\vc141.pdb
d:\desktop\universidad\metodologia de la programacion\letris\practica letris\practica\2. platforms\0. windows desktop\debug\vc141.idb
d:\desktop\universidad\metodologia de la programacion\letris\practica letris\practica\2. platforms\0. windows desktop\debug\mainmenu.obj
d:\desktop\universidad\metodologia de la programacion\letris\practica letris\practica\2. platforms\0. windows desktop\debug\button.obj
d:\desktop\universidad\metodologia de la programacion\letris\practica letris\practica\2. platforms\0. windows desktop\debug\main.obj
d:\desktop\universidad\metodologia de la programacion\letris\practica letris\practica\2. platforms\0. windows desktop\debug\joc.obj
d:\desktop\universidad\metodologia de la programacion\letris\practica letris\practica\2. platforms\0. windows desktop\debug\video.obj
d:\desktop\universidad\metodologia de la programacion\letris\practica letris\practica\2. platforms\0. windows desktop\debug\stb_vorbis.obj
d:\desktop\universidad\metodologia de la programacion\letris\practica letris\practica\2. platforms\0. windows desktop\debug\sprites.obj
d:\desktop\universidad\metodologia de la programacion\letris\practica letris\practica\2. platforms\0. windows desktop\debug\sound.obj
d:\desktop\universidad\metodologia de la programacion\letris\practica letris\practica\2. platforms\0. windows desktop\debug\nfont.obj
d:\desktop\universidad\metodologia de la programacion\letris\practica letris\practica\2. platforms\0. windows desktop\debug\mouse.obj
d:\desktop\universidad\metodologia de la programacion\letris\practica letris\practica\2. platforms\0. windows desktop\debug\keyboard.obj
d:\desktop\universidad\metodologia de la programacion\letris\practica letris\practica\2. platforms\0. windows desktop\debug\image_png.obj
d:\desktop\universidad\metodologia de la programacion\letris\practica letris\practica\2. platforms\0. windows desktop\debug\debug.obj
d:\desktop\universidad\metodologia de la programacion\letris\practica letris\practica\2. platforms\0. windows desktop\debug\vc142.pdb
d:\desktop\universidad\metodologia de la programacion\letris\practica letris\practica\2. platforms\0. windows desktop\debug\sdl_fontcache.obj
d:\desktop\universidad\metodologia de la programacion\letris\practica letris\practica\2. platforms\0. windows desktop\debug\vc142.idb
d:\desktop\universidad\metodologia de la programacion\letris\practica letris\practica\2. platforms\0. windows desktop\debug\playingstate.obj
d:\desktop\universidad\metodologia de la programacion\letris\practica letris\practica\2. platforms\0. windows desktop\debug\gameoverstate.obj
d:\desktop\universidad\metodologia de la programacion\letris\practica letris\practica\2. platforms\0. windows desktop\debug\tilerenderer.obj
d:\desktop\universidad\metodologia de la programacion\letris\practica letris\practica\2. platforms\0. windows desktop\debug\letrisgame.obj
d:\desktop\universidad\metodologia de la programacion\letris\practica letris\practica\2. platforms\0. windows desktop\debug\tile.obj
d:\desktop\universidad\metodologia de la programacion\letris\practica letris\practica\2. platforms\0. windows desktop\program\letrisgame.exe
d:\desktop\universidad\metodologia de la programacion\letris\practica letris\practica\2. platforms\0. windows desktop\program\letrisgame.ilk
d:\desktop\universidad\metodologia de la programacion\letris\practica letris\practica\2. platforms\0. windows desktop\program\letrisgame.pdb
d:\desktop\universidad\metodologia de la programacion\letris\practica letris\practica\2. platforms\0. windows desktop\\program\letrisgame.pdb
d:\desktop\universidad\metodologia de la programacion\letris\practica letris\practica\2. platforms\0. windows desktop\\program\letrisgame.exe
d:\desktop\universidad\metodologia de la programacion\letris\practica letris\practica\2. platforms\0. windows desktop\\program\letrisgame.ilk
d:\desktop\universidad\metodologia de la programacion\letris\practica letris\practica\2. platforms\0. windows desktop\debug\letrisgame.tlog\cl.command.1.tlog
d:\desktop\universidad\metodologia de la programacion\letris\practica letris\practica\2. platforms\0. windows desktop\debug\letrisgame.tlog\cl.read.1.tlog
d:\desktop\universidad\metodologia de la programacion\letris\practica letris\practica\2. platforms\0. windows desktop\debug\letrisgame.tlog\cl.write.1.tlog
d:\desktop\universidad\metodologia de la programacion\letris\practica letris\practica\2. platforms\0. windows desktop\debug\letrisgame.tlog\link.command.1.tlog
d:\desktop\universidad\metodologia de la programacion\letris\practica letris\practica\2. platforms\0. windows desktop\debug\letrisgame.tlog\link.read.1.tlog
d:\desktop\universidad\metodologia de la programacion\letris\practica letris\practica\2. platforms\0. windows desktop\debug\letrisgame.tlog\link.write.1.tlog
